<?xml version="1.0" encoding="UTF-8"?>
<!-- Generated by org.testng.reporters.JUnitReportReporter -->
<testsuite hostname="DESKTOP-HQME8VJ" failures="0" tests="1" name="com.saucedemo.testcase.CompliteTextTest" time="29.886" errors="0" timestamp="2022-11-17T12:19:00 IST" skipped="0">
  <testcase classname="com.saucedemo.testcase.CompliteTextTest" name="AllTest" time="29.886"/>
  <system-out/>
</testsuite> <!-- com.saucedemo.testcase.CompliteTextTest -->
