<?xml version="1.0" encoding="UTF-8"?>
<!-- Generated by org.testng.reporters.JUnitReportReporter -->
<testsuite hostname="DESKTOP-HQME8VJ" failures="0" tests="1" name="com.saucedemo.testcase.LoginTest" time="2.025" errors="0" timestamp="2022-11-12T16:56:10 IST" skipped="0">
  <testcase classname="com.saucedemo.testcase.LoginTest" name="AllTest" time="2.025"/>
  <system-out/>
</testsuite> <!-- com.saucedemo.testcase.LoginTest -->
